{"/data/.openclaw/workspace/scriptonyapp/src/components/ProjectHeader.tsx": {"path":"/data/.openclaw/workspace/scriptonyapp/src/components/ProjectHeader.tsx","statementMap":{"0":{"start":{"line":4,"column":0},"end":{"line":4,"column":48}},"1":{"start":{"line":5,"column":0},"end":{"line":5,"column":144}},"2":{"start":{"line":6,"column":0},"end":{"line":6,"column":70}},"3":{"start":{"line":17,"column":22},"end":{"line":90,"column":1}},"4":{"start":{"line":25,"column":2},"end":{"line":89,"column":4}},"5":{"start":{"line":79,"column":10},"end":{"line":79,"column":28}},"6":{"start":{"line":92,"column":0},"end":{"line":92,"column":29}}},"fnMap":{"0":{"name":"(anonymous_0)","decl":{"start":{"line":17,"column":22},"end":{"line":17,"column":23}},"loc":{"start":{"line":24,"column":25},"end":{"line":90,"column":1}}},"1":{"name":"(anonymous_1)","decl":{"start":{"line":78,"column":28},"end":{"line":78,"column":29}},"loc":{"start":{"line":79,"column":10},"end":{"line":79,"column":28}}}},"branchMap":{"0":{"loc":{"start":{"line":38,"column":11},"end":{"line":42,"column":null}},"type":"binary-expr","locations":[{"start":{"line":38,"column":11},"end":{"line":38,"column":36}},{"start":{"line":38,"column":40},"end":{"line":38,"column":52}},{"start":{"line":39,"column":12},"end":{"line":40,"column":null}}]}},"s":{"0":1,"1":1,"2":1,"3":1,"4":2,"5":0,"6":1},"f":{"0":2,"1":0},"b":{"0":[2,0,0]}}
,"/data/.openclaw/workspace/scriptonyapp/src/components/ui/button.tsx": {"path":"/data/.openclaw/workspace/scriptonyapp/src/components/ui/button.tsx","statementMap":{"0":{"start":{"line":1,"column":0},"end":{"line":1,"column":30}},"1":{"start":{"line":2,"column":0},"end":{"line":2,"column":43}},"2":{"start":{"line":3,"column":0},"end":{"line":3,"column":65}},"3":{"start":{"line":5,"column":0},"end":{"line":5,"column":32}},"4":{"start":{"line":7,"column":23},"end":{"line":33,"column":null}},"5":{"start":{"line":56,"column":17},"end":{"line":56,"column":31}},"6":{"start":{"line":42,"column":15},"end":{"line":52,"column":null}},"7":{"start":{"line":43,"column":46},"end":{"line":43,"column":51}},"8":{"start":{"line":43,"column":56},"end":{"line":43,"column":60}},"9":{"start":{"line":44,"column":17},"end":{"line":44,"column":42}},"10":{"start":{"line":45,"column":4},"end":{"line":51,"column":null}},"11":{"start":{"line":56,"column":9},"end":{"line":56,"column":15}},"12":{"start":{"line":54,"column":0},"end":{"line":54,"column":null}}},"fnMap":{"0":{"name":"(anonymous_7)","decl":{"start":{"line":43,"column":2},"end":{"line":43,"column":3}},"loc":{"start":{"line":43,"column":67},"end":{"line":52,"column":3}}}},"branchMap":{"0":{"loc":{"start":{"line":43,"column":31},"end":{"line":43,"column":46}},"type":"default-arg","locations":[{"start":{"line":43,"column":41},"end":{"line":43,"column":46}}]},"1":{"loc":{"start":{"line":44,"column":17},"end":{"line":44,"column":42}},"type":"cond-expr","locations":[{"start":{"line":44,"column":27},"end":{"line":44,"column":31}},{"start":{"line":44,"column":34},"end":{"line":44,"column":42}}]}},"s":{"0":1,"1":1,"2":1,"3":1,"4":1,"5":1,"6":1,"7":8,"8":8,"9":8,"10":8,"11":1,"12":1},"f":{"0":8},"b":{"0":[8],"1":[0,8]}}
,"/data/.openclaw/workspace/scriptonyapp/src/components/ui/dropdown-menu.tsx": {"path":"/data/.openclaw/workspace/scriptonyapp/src/components/ui/dropdown-menu.tsx","statementMap":{"0":{"start":{"line":1,"column":0},"end":{"line":1,"column":30}},"1":{"start":{"line":2,"column":0},"end":{"line":2,"column":70}},"2":{"start":{"line":3,"column":0},"end":{"line":3,"column":58}},"3":{"start":{"line":5,"column":0},"end":{"line":5,"column":32}},"4":{"start":{"line":7,"column":21},"end":{"line":7,"column":47}},"5":{"start":{"line":183,"column":2},"end":{"line":183,"column":14}},"6":{"start":{"line":9,"column":28},"end":{"line":9,"column":57}},"7":{"start":{"line":184,"column":2},"end":{"line":184,"column":21}},"8":{"start":{"line":11,"column":26},"end":{"line":11,"column":53}},"9":{"start":{"line":192,"column":2},"end":{"line":192,"column":19}},"10":{"start":{"line":13,"column":27},"end":{"line":13,"column":55}},"11":{"start":{"line":193,"column":2},"end":{"line":193,"column":20}},"12":{"start":{"line":15,"column":24},"end":{"line":15,"column":49}},"13":{"start":{"line":194,"column":2},"end":{"line":194,"column":17}},"14":{"start":{"line":17,"column":31},"end":{"line":17,"column":63}},"15":{"start":{"line":197,"column":2},"end":{"line":197,"column":24}},"16":{"start":{"line":19,"column":31},"end":{"line":37,"column":2}},"17":{"start":{"line":24,"column":31},"end":{"line":24,"column":36}},"18":{"start":{"line":24,"column":41},"end":{"line":24,"column":45}},"19":{"start":{"line":24,"column":53},"end":{"line":37,"column":2}},"20":{"start":{"line":196,"column":2},"end":{"line":196,"column":24}},"21":{"start":{"line":38,"column":0},"end":{"line":39,"column":null}},"22":{"start":{"line":41,"column":31},"end":{"line":53,"column":2}},"23":{"start":{"line":44,"column":14},"end":{"line":44,"column":19}},"24":{"start":{"line":44,"column":24},"end":{"line":44,"column":28}},"25":{"start":{"line":44,"column":36},"end":{"line":53,"column":2}},"26":{"start":{"line":195,"column":2},"end":{"line":195,"column":24}},"27":{"start":{"line":54,"column":0},"end":{"line":55,"column":null}},"28":{"start":{"line":57,"column":28},"end":{"line":72,"column":2}},"29":{"start":{"line":60,"column":30},"end":{"line":60,"column":35}},"30":{"start":{"line":60,"column":40},"end":{"line":60,"column":44}},"31":{"start":{"line":60,"column":52},"end":{"line":72,"column":2}},"32":{"start":{"line":185,"column":2},"end":{"line":185,"column":21}},"33":{"start":{"line":73,"column":0},"end":{"line":73,"column":null}},"34":{"start":{"line":75,"column":25},"end":{"line":90,"column":2}},"35":{"start":{"line":80,"column":21},"end":{"line":80,"column":26}},"36":{"start":{"line":80,"column":31},"end":{"line":80,"column":35}},"37":{"start":{"line":80,"column":43},"end":{"line":90,"column":2}},"38":{"start":{"line":186,"column":2},"end":{"line":186,"column":18}},"39":{"start":{"line":91,"column":0},"end":{"line":91,"column":null}},"40":{"start":{"line":93,"column":33},"end":{"line":113,"column":2}},"41":{"start":{"line":96,"column":33},"end":{"line":96,"column":38}},"42":{"start":{"line":96,"column":43},"end":{"line":96,"column":47}},"43":{"start":{"line":96,"column":55},"end":{"line":113,"column":2}},"44":{"start":{"line":187,"column":2},"end":{"line":187,"column":26}},"45":{"start":{"line":114,"column":0},"end":{"line":115,"column":null}},"46":{"start":{"line":117,"column":30},"end":{"line":136,"column":2}},"47":{"start":{"line":120,"column":24},"end":{"line":120,"column":29}},"48":{"start":{"line":120,"column":34},"end":{"line":120,"column":38}},"49":{"start":{"line":120,"column":46},"end":{"line":136,"column":2}},"50":{"start":{"line":188,"column":2},"end":{"line":188,"column":23}},"51":{"start":{"line":137,"column":0},"end":{"line":137,"column":null}},"52":{"start":{"line":139,"column":26},"end":{"line":154,"column":2}},"53":{"start":{"line":144,"column":21},"end":{"line":144,"column":26}},"54":{"start":{"line":144,"column":31},"end":{"line":144,"column":35}},"55":{"start":{"line":144,"column":43},"end":{"line":154,"column":2}},"56":{"start":{"line":189,"column":2},"end":{"line":189,"column":19}},"57":{"start":{"line":155,"column":0},"end":{"line":155,"column":null}},"58":{"start":{"line":157,"column":30},"end":{"line":166,"column":2}},"59":{"start":{"line":160,"column":14},"end":{"line":160,"column":19}},"60":{"start":{"line":160,"column":24},"end":{"line":160,"column":28}},"61":{"start":{"line":160,"column":36},"end":{"line":166,"column":2}},"62":{"start":{"line":190,"column":2},"end":{"line":190,"column":23}},"63":{"start":{"line":167,"column":0},"end":{"line":167,"column":null}},"64":{"start":{"line":169,"column":29},"end":{"line":179,"column":1}},"65":{"start":{"line":170,"column":11},"end":{"line":170,"column":null}},"66":{"start":{"line":171,"column":10},"end":{"line":172,"column":40}},"67":{"start":{"line":173,"column":2},"end":{"line":178,"column":null}},"68":{"start":{"line":191,"column":2},"end":{"line":191,"column":22}},"69":{"start":{"line":180,"column":0},"end":{"line":180,"column":null}}},"fnMap":{"0":{"name":"(anonymous_7)","decl":{"start":{"line":24,"column":2},"end":{"line":24,"column":3}},"loc":{"start":{"line":24,"column":52},"end":{"line":37,"column":2}}},"1":{"name":"(anonymous_8)","decl":{"start":{"line":44,"column":2},"end":{"line":44,"column":3}},"loc":{"start":{"line":44,"column":35},"end":{"line":53,"column":2}}},"2":{"name":"(anonymous_9)","decl":{"start":{"line":60,"column":2},"end":{"line":60,"column":3}},"loc":{"start":{"line":60,"column":51},"end":{"line":72,"column":2}}},"3":{"name":"(anonymous_10)","decl":{"start":{"line":80,"column":2},"end":{"line":80,"column":3}},"loc":{"start":{"line":80,"column":42},"end":{"line":90,"column":2}}},"4":{"name":"(anonymous_11)","decl":{"start":{"line":96,"column":2},"end":{"line":96,"column":3}},"loc":{"start":{"line":96,"column":54},"end":{"line":113,"column":2}}},"5":{"name":"(anonymous_12)","decl":{"start":{"line":120,"column":2},"end":{"line":120,"column":3}},"loc":{"start":{"line":120,"column":45},"end":{"line":136,"column":2}}},"6":{"name":"(anonymous_13)","decl":{"start":{"line":144,"column":2},"end":{"line":144,"column":3}},"loc":{"start":{"line":144,"column":42},"end":{"line":154,"column":2}}},"7":{"name":"(anonymous_14)","decl":{"start":{"line":160,"column":2},"end":{"line":160,"column":3}},"loc":{"start":{"line":160,"column":35},"end":{"line":166,"column":2}}},"8":{"name":"(anonymous_15)","decl":{"start":{"line":169,"column":29},"end":{"line":169,"column":30}},"loc":{"start":{"line":172,"column":44},"end":{"line":179,"column":1}}}},"branchMap":{"0":{"loc":{"start":{"line":29,"column":6},"end":{"line":29,"column":21}},"type":"binary-expr","locations":[{"start":{"line":29,"column":6},"end":{"line":29,"column":11}},{"start":{"line":29,"column":15},"end":{"line":29,"column":21}}]},"1":{"loc":{"start":{"line":60,"column":16},"end":{"line":60,"column":30}},"type":"default-arg","locations":[{"start":{"line":60,"column":29},"end":{"line":60,"column":30}}]},"2":{"loc":{"start":{"line":85,"column":6},"end":{"line":85,"column":21}},"type":"binary-expr","locations":[{"start":{"line":85,"column":6},"end":{"line":85,"column":11}},{"start":{"line":85,"column":15},"end":{"line":85,"column":21}}]},"3":{"loc":{"start":{"line":149,"column":6},"end":{"line":149,"column":21}},"type":"binary-expr","locations":[{"start":{"line":149,"column":6},"end":{"line":149,"column":11}},{"start":{"line":149,"column":15},"end":{"line":149,"column":21}}]}},"s":{"0":1,"1":1,"2":1,"3":1,"4":1,"5":1,"6":1,"7":1,"8":1,"9":1,"10":1,"11":1,"12":1,"13":1,"14":1,"15":1,"16":1,"17":0,"18":0,"19":0,"20":1,"21":1,"22":1,"23":0,"24":0,"25":0,"26":1,"27":1,"28":1,"29":2,"30":2,"31":2,"32":1,"33":1,"34":1,"35":0,"36":0,"37":0,"38":1,"39":1,"40":1,"41":0,"42":0,"43":0,"44":1,"45":1,"46":1,"47":0,"48":0,"49":0,"50":1,"51":1,"52":1,"53":0,"54":0,"55":0,"56":1,"57":1,"58":1,"59":0,"60":0,"61":0,"62":1,"63":1,"64":1,"65":0,"66":0,"67":0,"68":1,"69":1},"f":{"0":0,"1":0,"2":2,"3":0,"4":0,"5":0,"6":0,"7":0,"8":0},"b":{"0":[0,0],"1":[2],"2":[0,0],"3":[0,0]}}
,"/data/.openclaw/workspace/scriptonyapp/src/lib/utils.ts": {"path":"/data/.openclaw/workspace/scriptonyapp/src/lib/utils.ts","statementMap":{"0":{"start":{"line":4,"column":0},"end":{"line":4,"column":16}},"1":{"start":{"line":1,"column":0},"end":{"line":1,"column":44}},"2":{"start":{"line":2,"column":0},"end":{"line":2,"column":40}},"3":{"start":{"line":5,"column":2},"end":{"line":5,"column":null}}},"fnMap":{"0":{"name":"cn","decl":{"start":{"line":4,"column":16},"end":{"line":4,"column":18}},"loc":{"start":{"line":4,"column":42},"end":{"line":6,"column":1}}}},"branchMap":{},"s":{"0":1,"1":1,"2":1,"3":10},"f":{"0":10},"b":{}}
}
