TN:
SF:src/components/ProjectHeader.tsx
FN:17,(anonymous_0)
FN:78,(anonymous_1)
FNF:2
FNH:1
FNDA:2,(anonymous_0)
FNDA:0,(anonymous_1)
DA:4,1
DA:5,1
DA:6,1
DA:17,1
DA:25,2
DA:79,0
DA:92,1
LF:7
LH:6
BRDA:38,0,0,2
BRDA:38,0,1,0
BRDA:38,0,2,0
BRF:3
BRH:1
end_of_record
TN:
SF:src/components/ui/button.tsx
FN:43,(anonymous_7)
FNF:1
FNH:1
FNDA:8,(anonymous_7)
DA:1,1
DA:2,1
DA:3,1
DA:5,1
DA:7,1
DA:42,1
DA:43,8
DA:44,8
DA:45,8
DA:54,1
DA:56,1
LF:11
LH:11
BRDA:43,0,0,8
BRDA:44,1,0,0
BRDA:44,1,1,8
BRF:3
BRH:2
end_of_record
TN:
SF:src/components/ui/dropdown-menu.tsx
FN:24,(anonymous_7)
FN:44,(anonymous_8)
FN:60,(anonymous_9)
FN:80,(anonymous_10)
FN:96,(anonymous_11)
FN:120,(anonymous_12)
FN:144,(anonymous_13)
FN:160,(anonymous_14)
FN:169,(anonymous_15)
FNF:9
FNH:1
FNDA:0,(anonymous_7)
FNDA:0,(anonymous_8)
FNDA:2,(anonymous_9)
FNDA:0,(anonymous_10)
FNDA:0,(anonymous_11)
FNDA:0,(anonymous_12)
FNDA:0,(anonymous_13)
FNDA:0,(anonymous_14)
FNDA:0,(anonymous_15)
DA:1,1
DA:2,1
DA:3,1
DA:5,1
DA:7,1
DA:9,1
DA:11,1
DA:13,1
DA:15,1
DA:17,1
DA:19,1
DA:24,0
DA:38,1
DA:41,1
DA:44,0
DA:54,1
DA:57,1
DA:60,2
DA:73,1
DA:75,1
DA:80,0
DA:91,1
DA:93,1
DA:96,0
DA:114,1
DA:117,1
DA:120,0
DA:137,1
DA:139,1
DA:144,0
DA:155,1
DA:157,1
DA:160,0
DA:167,1
DA:169,1
DA:170,0
DA:171,0
DA:173,0
DA:180,1
DA:183,1
DA:184,1
DA:185,1
DA:186,1
DA:187,1
DA:188,1
DA:189,1
DA:190,1
DA:191,1
DA:192,1
DA:193,1
DA:194,1
DA:195,1
DA:196,1
DA:197,1
LF:54
LH:44
BRDA:29,0,0,0
BRDA:29,0,1,0
BRDA:60,1,0,2
BRDA:85,2,0,0
BRDA:85,2,1,0
BRDA:149,3,0,0
BRDA:149,3,1,0
BRF:7
BRH:1
end_of_record
TN:
SF:src/lib/utils.ts
FN:4,cn
FNF:1
FNH:1
FNDA:10,cn
DA:1,1
DA:2,1
DA:4,1
DA:5,10
LF:4
LH:4
BRF:0
BRH:0
end_of_record
